<?xml version="1.0" encoding="UTF-8"?>
<!-- Generated by org.testng.reporters.JUnitReportReporter -->
<testsuite name="Day2.DataDrivenFramework" tests="1" time="101.326" ignored="0" failures="0" timestamp="12 Mar 2019 10:10:47 GMT" skipped="0" hostname="CDC2-D-513RJGY" errors="0">
  <testcase name="f" time="101.326" classname="Day2.DataDrivenFramework"/>
</testsuite> <!-- Day2.DataDrivenFramework -->
