<?xml version="1.0" encoding="UTF-8"?>
<!-- Generated by org.testng.reporters.JUnitReportReporter -->
<testsuite skipped="0" hostname="CDC2-D-513RJGY" name="Day1.Robot2" tests="1" failures="0" timestamp="11 Mar 2019 10:31:09 GMT" time="13.791" errors="0">
  <testcase name="test1" time="13.791" classname="Day1.Robot2"/>
</testsuite> <!-- Day1.Robot2 -->
