<?xml version="1.0" encoding="UTF-8"?>
<!-- Generated by org.testng.reporters.JUnitReportReporter -->
<testsuite skipped="0" hostname="CDC2-D-513RJGY" name="Day2.NewTest" tests="1" failures="0" timestamp="12 Mar 2019 06:10:57 GMT" time="152.662" errors="0">
  <testcase name="verifyLogin" time="152.662" classname="Day2.NewTest"/>
</testsuite> <!-- Day2.NewTest -->
