<?xml version="1.0" encoding="UTF-8"?>
<!-- Generated by org.testng.reporters.JUnitReportReporter -->
<testsuite skipped="0" hostname="CDC2-D-513RJGY" name="Day1.JavaScriptExec" tests="1" failures="0" timestamp="12 Mar 2019 05:06:25 GMT" time="0.413" errors="0">
  <testcase name="getTitle" time="0.413" classname="Day1.JavaScriptExec"/>
</testsuite> <!-- Day1.JavaScriptExec -->
