<?xml version="1.0" encoding="UTF-8"?>
<!-- Generated by org.testng.reporters.JUnitReportReporter -->
<testsuite skipped="0" hostname="CDC2-D-513RJGY" name="Day1.Selenium3Plus" tests="1" failures="0" timestamp="11 Mar 2019 09:27:26 GMT" time="7.976" errors="0">
  <testcase name="SignIn" time="7.976" classname="Day1.Selenium3Plus"/>
</testsuite> <!-- Day1.Selenium3Plus -->
